---------------------------------------------------------------
[ 2020-08-27T10:12:59+08:00 ] 127.0.0.1 GET az-ips.com/
[运行时间：0.113449s] [吞吐率：8.81req/s] [内存消耗：3,081.60kb] [文件加载：127]
[ info ] [ BEHAVIOR ] Run Closure @app_init [ RunTime:0.000492s ]
[ info ] [ CACHE ] INIT File
[ info ] [ BEHAVIOR ] Run \addons\cms\Cms @app_init [ RunTime:0.005170s ]
[ info ] [ BEHAVIOR ] Run Closure @app_init [ RunTime:0.005191s ]
[ info ] [ LANG ] /Applications/XAMPP/xamppfiles/htdocs/az/ips/thinkphp/lang/zh-cn.php
[ info ] [ BEHAVIOR ] Run app\common\behavior\Common @app_dispatch [ RunTime:0.000971s ]
[ info ] [ ROUTE ] array (
  'type' => 'module',
  'module' => 
  array (
    0 => '',
    1 => NULL,
    2 => NULL,
  ),
)
[ info ] [ HEADER ] array (
  'host' => 'az-ips.com',
  'connection' => 'keep-alive',
  'upgrade-insecure-requests' => '1',
  'user-agent' => 'Mozilla/5.0 (Macintosh; Intel Mac OS X 10_14_6) AppleWebKit/537.36 (KHTML, like Gecko) Chrome/84.0.4147.135 Safari/537.36',
  'accept' => 'text/html,application/xhtml+xml,application/xml;q=0.9,image/webp,image/apng,*/*;q=0.8,application/signed-exchange;v=b3;q=0.9',
  'purpose' => 'prefetch',
  'accept-encoding' => 'gzip, deflate',
  'accept-language' => 'zh-CN,zh;q=0.9',
  'cookie' => 'PHPSESSID=c4c0e9964aeac27b95232a1e388742f3; keeplogin=1%7C86400%7C1597206181%7C6c3e08758b262cbcaf9b6dee5000fabe',
)
[ info ] [ PARAM ] array (
)
[ info ] [ LANG ] /Applications/XAMPP/xamppfiles/htdocs/az/ips/public/../application/index/lang/zh-cn.php
[ info ] [ BEHAVIOR ] Run app\common\behavior\Common @module_init [ RunTime:0.002754s ]
[ info ] [ LANG ] /Applications/XAMPP/xamppfiles/htdocs/az/ips/public/../application/index/lang/zh-cn/index.php
[ info ] [ RUN ] app\index\controller\Index->index[ /Applications/XAMPP/xamppfiles/htdocs/az/ips/application/index/controller/Index.php ]
[ info ] [ VIEW ] /Applications/XAMPP/xamppfiles/htdocs/az/ips/public/../application/index/view/index/index.html [ array (
  0 => 'user',
  1 => 'site',
  2 => 'config',
) ]
[ info ] [ BEHAVIOR ] Run \addons\cms\Cms @view_filter [ RunTime:0.000034s ]
[ info ] [ LOG ] INIT File
